CRITICAL - 2025-05-23 00:48:18 --> ErrorException: Undefined array key "gender"
[Method: GET, Route: employees]
in APPPATH\Views\employee_list.php on line 55.
 1 APPPATH\Views\employee_list.php(55): CodeIgniter\Debug\Exceptions->errorHandler(2, 'Undefined array key "gender"', 'C:\\xampp\\htdocs\\employee_project\\app\\Views\\employee_list.php', 55)
 2 SYSTEMPATH\View\View.php(224): include('C:\\xampp\\htdocs\\employee_project\\app\\Views\\employee_list.php')
 3 SYSTEMPATH\View\View.php(227): CodeIgniter\View\View->CodeIgniter\View\{closure}()
 4 SYSTEMPATH\Common.php(1173): CodeIgniter\View\View->render('employee_list', [], true)
 5 APPPATH\Controllers\Employee.php(17): view('employee_list', [...])
 6 SYSTEMPATH\CodeIgniter.php(933): App\Controllers\Employee->index()
 7 SYSTEMPATH\CodeIgniter.php(507): CodeIgniter\CodeIgniter->runController(Object(App\Controllers\Employee))
 8 SYSTEMPATH\CodeIgniter.php(354): CodeIgniter\CodeIgniter->handleRequest(null, Object(Config\Cache), false)
 9 SYSTEMPATH\Boot.php(334): CodeIgniter\CodeIgniter->run()
10 SYSTEMPATH\Boot.php(67): CodeIgniter\Boot::runCodeIgniter(Object(CodeIgniter\CodeIgniter))
11 FCPATH\index.php(59): CodeIgniter\Boot::bootWeb(Object(Config\Paths))
CRITICAL - 2025-05-23 01:21:10 --> ErrorException: Undefined array key "picture"
[Method: GET, Route: employees]
in APPPATH\Views\employee_list.php on line 50.
 1 APPPATH\Views\employee_list.php(50): CodeIgniter\Debug\Exceptions->errorHandler(2, 'Undefined array key "picture"', 'C:\\xampp\\htdocs\\employee_project\\app\\Views\\employee_list.php', 50)
 2 SYSTEMPATH\View\View.php(224): include('C:\\xampp\\htdocs\\employee_project\\app\\Views\\employee_list.php')
 3 SYSTEMPATH\View\View.php(227): CodeIgniter\View\View->CodeIgniter\View\{closure}()
 4 SYSTEMPATH\Common.php(1173): CodeIgniter\View\View->render('employee_list', [], true)
 5 APPPATH\Controllers\Employee.php(17): view('employee_list', [...])
 6 SYSTEMPATH\CodeIgniter.php(933): App\Controllers\Employee->index()
 7 SYSTEMPATH\CodeIgniter.php(507): CodeIgniter\CodeIgniter->runController(Object(App\Controllers\Employee))
 8 SYSTEMPATH\CodeIgniter.php(354): CodeIgniter\CodeIgniter->handleRequest(null, Object(Config\Cache), false)
 9 SYSTEMPATH\Boot.php(334): CodeIgniter\CodeIgniter->run()
10 SYSTEMPATH\Boot.php(67): CodeIgniter\Boot::runCodeIgniter(Object(CodeIgniter\CodeIgniter))
11 FCPATH\index.php(59): CodeIgniter\Boot::bootWeb(Object(Config\Paths))
CRITICAL - 2025-05-23 01:21:22 --> ErrorException: Undefined array key "picture"
[Method: GET, Route: employees]
in APPPATH\Views\employee_list.php on line 50.
 1 APPPATH\Views\employee_list.php(50): CodeIgniter\Debug\Exceptions->errorHandler(2, 'Undefined array key "picture"', 'C:\\xampp\\htdocs\\employee_project\\app\\Views\\employee_list.php', 50)
 2 SYSTEMPATH\View\View.php(224): include('C:\\xampp\\htdocs\\employee_project\\app\\Views\\employee_list.php')
 3 SYSTEMPATH\View\View.php(227): CodeIgniter\View\View->CodeIgniter\View\{closure}()
 4 SYSTEMPATH\Common.php(1173): CodeIgniter\View\View->render('employee_list', [], true)
 5 APPPATH\Controllers\Employee.php(17): view('employee_list', [...])
 6 SYSTEMPATH\CodeIgniter.php(933): App\Controllers\Employee->index()
 7 SYSTEMPATH\CodeIgniter.php(507): CodeIgniter\CodeIgniter->runController(Object(App\Controllers\Employee))
 8 SYSTEMPATH\CodeIgniter.php(354): CodeIgniter\CodeIgniter->handleRequest(null, Object(Config\Cache), false)
 9 SYSTEMPATH\Boot.php(334): CodeIgniter\CodeIgniter->run()
10 SYSTEMPATH\Boot.php(67): CodeIgniter\Boot::runCodeIgniter(Object(CodeIgniter\CodeIgniter))
11 FCPATH\index.php(59): CodeIgniter\Boot::bootWeb(Object(Config\Paths))
ERROR - 2025-05-23 01:33:37 --> ✅ Clock-in endpoint was hit
ERROR - 2025-05-23 01:33:37 --> 🔑 User ID from session: 1
ERROR - 2025-05-23 01:33:37 --> 📦 Raw body: {"lat":23.8036067,"lon":90.420186}
ERROR - 2025-05-23 01:33:37 --> 📄 Parsed JSON: Array
(
    [lat] => 23.8036067
    [lon] => 90.420186
)

ERROR - 2025-05-23 01:33:37 --> ✅ Clock-in recorded successfully
ERROR - 2025-05-23 01:33:37 --> ✅ Clock-in endpoint was hit
ERROR - 2025-05-23 01:33:37 --> 🔑 User ID from session: 1
ERROR - 2025-05-23 01:33:37 --> ⛔ User already clocked in
CRITICAL - 2025-05-23 01:35:26 --> ErrorException: Undefined array key "picture"
[Method: GET, Route: employees]
in APPPATH\Views\employee_list.php on line 50.
 1 APPPATH\Views\employee_list.php(50): CodeIgniter\Debug\Exceptions->errorHandler(2, 'Undefined array key "picture"', 'C:\\xampp\\htdocs\\employee_project\\app\\Views\\employee_list.php', 50)
 2 SYSTEMPATH\View\View.php(224): include('C:\\xampp\\htdocs\\employee_project\\app\\Views\\employee_list.php')
 3 SYSTEMPATH\View\View.php(227): CodeIgniter\View\View->CodeIgniter\View\{closure}()
 4 SYSTEMPATH\Common.php(1173): CodeIgniter\View\View->render('employee_list', [], true)
 5 APPPATH\Controllers\Employee.php(17): view('employee_list', [...])
 6 SYSTEMPATH\CodeIgniter.php(933): App\Controllers\Employee->index()
 7 SYSTEMPATH\CodeIgniter.php(507): CodeIgniter\CodeIgniter->runController(Object(App\Controllers\Employee))
 8 SYSTEMPATH\CodeIgniter.php(354): CodeIgniter\CodeIgniter->handleRequest(null, Object(Config\Cache), false)
 9 SYSTEMPATH\Boot.php(334): CodeIgniter\CodeIgniter->run()
10 SYSTEMPATH\Boot.php(67): CodeIgniter\Boot::runCodeIgniter(Object(CodeIgniter\CodeIgniter))
11 FCPATH\index.php(59): CodeIgniter\Boot::bootWeb(Object(Config\Paths))
CRITICAL - 2025-05-23 01:50:54 --> ErrorException: Undefined array key "picture"
[Method: GET, Route: employees]
in APPPATH\Views\employee_list.php on line 50.
 1 APPPATH\Views\employee_list.php(50): CodeIgniter\Debug\Exceptions->errorHandler(2, 'Undefined array key "picture"', 'C:\\xampp\\htdocs\\employee_project\\app\\Views\\employee_list.php', 50)
 2 SYSTEMPATH\View\View.php(224): include('C:\\xampp\\htdocs\\employee_project\\app\\Views\\employee_list.php')
 3 SYSTEMPATH\View\View.php(227): CodeIgniter\View\View->CodeIgniter\View\{closure}()
 4 SYSTEMPATH\Common.php(1173): CodeIgniter\View\View->render('employee_list', [], true)
 5 APPPATH\Controllers\Employee.php(17): view('employee_list', [...])
 6 SYSTEMPATH\CodeIgniter.php(933): App\Controllers\Employee->index()
 7 SYSTEMPATH\CodeIgniter.php(507): CodeIgniter\CodeIgniter->runController(Object(App\Controllers\Employee))
 8 SYSTEMPATH\CodeIgniter.php(354): CodeIgniter\CodeIgniter->handleRequest(null, Object(Config\Cache), false)
 9 SYSTEMPATH\Boot.php(334): CodeIgniter\CodeIgniter->run()
10 SYSTEMPATH\Boot.php(67): CodeIgniter\Boot::runCodeIgniter(Object(CodeIgniter\CodeIgniter))
11 FCPATH\index.php(59): CodeIgniter\Boot::bootWeb(Object(Config\Paths))
CRITICAL - 2025-05-23 01:50:57 --> ErrorException: Undefined array key "picture"
[Method: GET, Route: employees]
in APPPATH\Views\employee_list.php on line 50.
 1 APPPATH\Views\employee_list.php(50): CodeIgniter\Debug\Exceptions->errorHandler(2, 'Undefined array key "picture"', 'C:\\xampp\\htdocs\\employee_project\\app\\Views\\employee_list.php', 50)
 2 SYSTEMPATH\View\View.php(224): include('C:\\xampp\\htdocs\\employee_project\\app\\Views\\employee_list.php')
 3 SYSTEMPATH\View\View.php(227): CodeIgniter\View\View->CodeIgniter\View\{closure}()
 4 SYSTEMPATH\Common.php(1173): CodeIgniter\View\View->render('employee_list', [], true)
 5 APPPATH\Controllers\Employee.php(17): view('employee_list', [...])
 6 SYSTEMPATH\CodeIgniter.php(933): App\Controllers\Employee->index()
 7 SYSTEMPATH\CodeIgniter.php(507): CodeIgniter\CodeIgniter->runController(Object(App\Controllers\Employee))
 8 SYSTEMPATH\CodeIgniter.php(354): CodeIgniter\CodeIgniter->handleRequest(null, Object(Config\Cache), false)
 9 SYSTEMPATH\Boot.php(334): CodeIgniter\CodeIgniter->run()
10 SYSTEMPATH\Boot.php(67): CodeIgniter\Boot::runCodeIgniter(Object(CodeIgniter\CodeIgniter))
11 FCPATH\index.php(59): CodeIgniter\Boot::bootWeb(Object(Config\Paths))
CRITICAL - 2025-05-23 01:51:00 --> ErrorException: Undefined array key "picture"
[Method: GET, Route: employees]
in APPPATH\Views\employee_list.php on line 50.
 1 APPPATH\Views\employee_list.php(50): CodeIgniter\Debug\Exceptions->errorHandler(2, 'Undefined array key "picture"', 'C:\\xampp\\htdocs\\employee_project\\app\\Views\\employee_list.php', 50)
 2 SYSTEMPATH\View\View.php(224): include('C:\\xampp\\htdocs\\employee_project\\app\\Views\\employee_list.php')
 3 SYSTEMPATH\View\View.php(227): CodeIgniter\View\View->CodeIgniter\View\{closure}()
 4 SYSTEMPATH\Common.php(1173): CodeIgniter\View\View->render('employee_list', [], true)
 5 APPPATH\Controllers\Employee.php(17): view('employee_list', [...])
 6 SYSTEMPATH\CodeIgniter.php(933): App\Controllers\Employee->index()
 7 SYSTEMPATH\CodeIgniter.php(507): CodeIgniter\CodeIgniter->runController(Object(App\Controllers\Employee))
 8 SYSTEMPATH\CodeIgniter.php(354): CodeIgniter\CodeIgniter->handleRequest(null, Object(Config\Cache), false)
 9 SYSTEMPATH\Boot.php(334): CodeIgniter\CodeIgniter->run()
10 SYSTEMPATH\Boot.php(67): CodeIgniter\Boot::runCodeIgniter(Object(CodeIgniter\CodeIgniter))
11 FCPATH\index.php(59): CodeIgniter\Boot::bootWeb(Object(Config\Paths))
CRITICAL - 2025-05-23 01:51:00 --> ErrorException: Undefined array key "picture"
[Method: GET, Route: employees]
in APPPATH\Views\employee_list.php on line 50.
 1 APPPATH\Views\employee_list.php(50): CodeIgniter\Debug\Exceptions->errorHandler(2, 'Undefined array key "picture"', 'C:\\xampp\\htdocs\\employee_project\\app\\Views\\employee_list.php', 50)
 2 SYSTEMPATH\View\View.php(224): include('C:\\xampp\\htdocs\\employee_project\\app\\Views\\employee_list.php')
 3 SYSTEMPATH\View\View.php(227): CodeIgniter\View\View->CodeIgniter\View\{closure}()
 4 SYSTEMPATH\Common.php(1173): CodeIgniter\View\View->render('employee_list', [], true)
 5 APPPATH\Controllers\Employee.php(17): view('employee_list', [...])
 6 SYSTEMPATH\CodeIgniter.php(933): App\Controllers\Employee->index()
 7 SYSTEMPATH\CodeIgniter.php(507): CodeIgniter\CodeIgniter->runController(Object(App\Controllers\Employee))
 8 SYSTEMPATH\CodeIgniter.php(354): CodeIgniter\CodeIgniter->handleRequest(null, Object(Config\Cache), false)
 9 SYSTEMPATH\Boot.php(334): CodeIgniter\CodeIgniter->run()
10 SYSTEMPATH\Boot.php(67): CodeIgniter\Boot::runCodeIgniter(Object(CodeIgniter\CodeIgniter))
11 FCPATH\index.php(59): CodeIgniter\Boot::bootWeb(Object(Config\Paths))
CRITICAL - 2025-05-23 01:51:00 --> ErrorException: Undefined array key "picture"
[Method: GET, Route: employees]
in APPPATH\Views\employee_list.php on line 50.
 1 APPPATH\Views\employee_list.php(50): CodeIgniter\Debug\Exceptions->errorHandler(2, 'Undefined array key "picture"', 'C:\\xampp\\htdocs\\employee_project\\app\\Views\\employee_list.php', 50)
 2 SYSTEMPATH\View\View.php(224): include('C:\\xampp\\htdocs\\employee_project\\app\\Views\\employee_list.php')
 3 SYSTEMPATH\View\View.php(227): CodeIgniter\View\View->CodeIgniter\View\{closure}()
 4 SYSTEMPATH\Common.php(1173): CodeIgniter\View\View->render('employee_list', [], true)
 5 APPPATH\Controllers\Employee.php(17): view('employee_list', [...])
 6 SYSTEMPATH\CodeIgniter.php(933): App\Controllers\Employee->index()
 7 SYSTEMPATH\CodeIgniter.php(507): CodeIgniter\CodeIgniter->runController(Object(App\Controllers\Employee))
 8 SYSTEMPATH\CodeIgniter.php(354): CodeIgniter\CodeIgniter->handleRequest(null, Object(Config\Cache), false)
 9 SYSTEMPATH\Boot.php(334): CodeIgniter\CodeIgniter->run()
10 SYSTEMPATH\Boot.php(67): CodeIgniter\Boot::runCodeIgniter(Object(CodeIgniter\CodeIgniter))
11 FCPATH\index.php(59): CodeIgniter\Boot::bootWeb(Object(Config\Paths))
CRITICAL - 2025-05-23 01:51:01 --> ErrorException: Undefined array key "picture"
[Method: GET, Route: employees]
in APPPATH\Views\employee_list.php on line 50.
 1 APPPATH\Views\employee_list.php(50): CodeIgniter\Debug\Exceptions->errorHandler(2, 'Undefined array key "picture"', 'C:\\xampp\\htdocs\\employee_project\\app\\Views\\employee_list.php', 50)
 2 SYSTEMPATH\View\View.php(224): include('C:\\xampp\\htdocs\\employee_project\\app\\Views\\employee_list.php')
 3 SYSTEMPATH\View\View.php(227): CodeIgniter\View\View->CodeIgniter\View\{closure}()
 4 SYSTEMPATH\Common.php(1173): CodeIgniter\View\View->render('employee_list', [], true)
 5 APPPATH\Controllers\Employee.php(17): view('employee_list', [...])
 6 SYSTEMPATH\CodeIgniter.php(933): App\Controllers\Employee->index()
 7 SYSTEMPATH\CodeIgniter.php(507): CodeIgniter\CodeIgniter->runController(Object(App\Controllers\Employee))
 8 SYSTEMPATH\CodeIgniter.php(354): CodeIgniter\CodeIgniter->handleRequest(null, Object(Config\Cache), false)
 9 SYSTEMPATH\Boot.php(334): CodeIgniter\CodeIgniter->run()
10 SYSTEMPATH\Boot.php(67): CodeIgniter\Boot::runCodeIgniter(Object(CodeIgniter\CodeIgniter))
11 FCPATH\index.php(59): CodeIgniter\Boot::bootWeb(Object(Config\Paths))
CRITICAL - 2025-05-23 01:51:01 --> ErrorException: Undefined array key "picture"
[Method: GET, Route: employees]
in APPPATH\Views\employee_list.php on line 50.
 1 APPPATH\Views\employee_list.php(50): CodeIgniter\Debug\Exceptions->errorHandler(2, 'Undefined array key "picture"', 'C:\\xampp\\htdocs\\employee_project\\app\\Views\\employee_list.php', 50)
 2 SYSTEMPATH\View\View.php(224): include('C:\\xampp\\htdocs\\employee_project\\app\\Views\\employee_list.php')
 3 SYSTEMPATH\View\View.php(227): CodeIgniter\View\View->CodeIgniter\View\{closure}()
 4 SYSTEMPATH\Common.php(1173): CodeIgniter\View\View->render('employee_list', [], true)
 5 APPPATH\Controllers\Employee.php(17): view('employee_list', [...])
 6 SYSTEMPATH\CodeIgniter.php(933): App\Controllers\Employee->index()
 7 SYSTEMPATH\CodeIgniter.php(507): CodeIgniter\CodeIgniter->runController(Object(App\Controllers\Employee))
 8 SYSTEMPATH\CodeIgniter.php(354): CodeIgniter\CodeIgniter->handleRequest(null, Object(Config\Cache), false)
 9 SYSTEMPATH\Boot.php(334): CodeIgniter\CodeIgniter->run()
10 SYSTEMPATH\Boot.php(67): CodeIgniter\Boot::runCodeIgniter(Object(CodeIgniter\CodeIgniter))
11 FCPATH\index.php(59): CodeIgniter\Boot::bootWeb(Object(Config\Paths))
CRITICAL - 2025-05-23 01:51:02 --> ErrorException: Undefined array key "picture"
[Method: GET, Route: employees]
in APPPATH\Views\employee_list.php on line 50.
 1 APPPATH\Views\employee_list.php(50): CodeIgniter\Debug\Exceptions->errorHandler(2, 'Undefined array key "picture"', 'C:\\xampp\\htdocs\\employee_project\\app\\Views\\employee_list.php', 50)
 2 SYSTEMPATH\View\View.php(224): include('C:\\xampp\\htdocs\\employee_project\\app\\Views\\employee_list.php')
 3 SYSTEMPATH\View\View.php(227): CodeIgniter\View\View->CodeIgniter\View\{closure}()
 4 SYSTEMPATH\Common.php(1173): CodeIgniter\View\View->render('employee_list', [], true)
 5 APPPATH\Controllers\Employee.php(17): view('employee_list', [...])
 6 SYSTEMPATH\CodeIgniter.php(933): App\Controllers\Employee->index()
 7 SYSTEMPATH\CodeIgniter.php(507): CodeIgniter\CodeIgniter->runController(Object(App\Controllers\Employee))
 8 SYSTEMPATH\CodeIgniter.php(354): CodeIgniter\CodeIgniter->handleRequest(null, Object(Config\Cache), false)
 9 SYSTEMPATH\Boot.php(334): CodeIgniter\CodeIgniter->run()
10 SYSTEMPATH\Boot.php(67): CodeIgniter\Boot::runCodeIgniter(Object(CodeIgniter\CodeIgniter))
11 FCPATH\index.php(59): CodeIgniter\Boot::bootWeb(Object(Config\Paths))
CRITICAL - 2025-05-23 02:26:45 --> ErrorException: Undefined array key "position"
[Method: GET, Route: employees/edit/6]
in APPPATH\Views\employee_edit.php on line 18.
 1 APPPATH\Views\employee_edit.php(18): CodeIgniter\Debug\Exceptions->errorHandler(2, 'Undefined array key "position"', 'C:\\xampp\\htdocs\\employee_project\\app\\Views\\employee_edit.php', 18)
 2 SYSTEMPATH\View\View.php(224): include('C:\\xampp\\htdocs\\employee_project\\app\\Views\\employee_edit.php')
 3 SYSTEMPATH\View\View.php(227): CodeIgniter\View\View->CodeIgniter\View\{closure}()
 4 SYSTEMPATH\Common.php(1173): CodeIgniter\View\View->render('employee_edit', [], true)
 5 APPPATH\Controllers\Employee.php(62): view('employee_edit', [...])
 6 SYSTEMPATH\CodeIgniter.php(933): App\Controllers\Employee->edit('6')
 7 SYSTEMPATH\CodeIgniter.php(507): CodeIgniter\CodeIgniter->runController(Object(App\Controllers\Employee))
 8 SYSTEMPATH\CodeIgniter.php(354): CodeIgniter\CodeIgniter->handleRequest(null, Object(Config\Cache), false)
 9 SYSTEMPATH\Boot.php(334): CodeIgniter\CodeIgniter->run()
10 SYSTEMPATH\Boot.php(67): CodeIgniter\Boot::runCodeIgniter(Object(CodeIgniter\CodeIgniter))
11 FCPATH\index.php(59): CodeIgniter\Boot::bootWeb(Object(Config\Paths))
CRITICAL - 2025-05-23 02:26:53 --> ErrorException: Undefined array key "position"
[Method: GET, Route: employees/edit/6]
in APPPATH\Views\employee_edit.php on line 18.
 1 APPPATH\Views\employee_edit.php(18): CodeIgniter\Debug\Exceptions->errorHandler(2, 'Undefined array key "position"', 'C:\\xampp\\htdocs\\employee_project\\app\\Views\\employee_edit.php', 18)
 2 SYSTEMPATH\View\View.php(224): include('C:\\xampp\\htdocs\\employee_project\\app\\Views\\employee_edit.php')
 3 SYSTEMPATH\View\View.php(227): CodeIgniter\View\View->CodeIgniter\View\{closure}()
 4 SYSTEMPATH\Common.php(1173): CodeIgniter\View\View->render('employee_edit', [], true)
 5 APPPATH\Controllers\Employee.php(62): view('employee_edit', [...])
 6 SYSTEMPATH\CodeIgniter.php(933): App\Controllers\Employee->edit('6')
 7 SYSTEMPATH\CodeIgniter.php(507): CodeIgniter\CodeIgniter->runController(Object(App\Controllers\Employee))
 8 SYSTEMPATH\CodeIgniter.php(354): CodeIgniter\CodeIgniter->handleRequest(null, Object(Config\Cache), false)
 9 SYSTEMPATH\Boot.php(334): CodeIgniter\CodeIgniter->run()
10 SYSTEMPATH\Boot.php(67): CodeIgniter\Boot::runCodeIgniter(Object(CodeIgniter\CodeIgniter))
11 FCPATH\index.php(59): CodeIgniter\Boot::bootWeb(Object(Config\Paths))
CRITICAL - 2025-05-23 19:00:21 --> ErrorException: Undefined variable $emp
[Method: GET, Route: employees]
in APPPATH\Views\employee_list.php on line 64.
 1 APPPATH\Views\employee_list.php(64): CodeIgniter\Debug\Exceptions->errorHandler(2, 'Undefined variable $emp', 'C:\\xampp\\htdocs\\employee_project\\app\\Views\\employee_list.php', 64)
 2 SYSTEMPATH\View\View.php(224): include('C:\\xampp\\htdocs\\employee_project\\app\\Views\\employee_list.php')
 3 SYSTEMPATH\View\View.php(227): CodeIgniter\View\View->CodeIgniter\View\{closure}()
 4 SYSTEMPATH\Common.php(1173): CodeIgniter\View\View->render('employee_list', [], true)
 5 APPPATH\Controllers\Employee.php(17): view('employee_list', [...])
 6 SYSTEMPATH\CodeIgniter.php(933): App\Controllers\Employee->index()
 7 SYSTEMPATH\CodeIgniter.php(507): CodeIgniter\CodeIgniter->runController(Object(App\Controllers\Employee))
 8 SYSTEMPATH\CodeIgniter.php(354): CodeIgniter\CodeIgniter->handleRequest(null, Object(Config\Cache), false)
 9 SYSTEMPATH\Boot.php(334): CodeIgniter\CodeIgniter->run()
10 SYSTEMPATH\Boot.php(67): CodeIgniter\Boot::runCodeIgniter(Object(CodeIgniter\CodeIgniter))
11 FCPATH\index.php(59): CodeIgniter\Boot::bootWeb(Object(Config\Paths))
CRITICAL - 2025-05-23 19:01:37 --> ErrorException: Undefined variable $emp
[Method: GET, Route: employees]
in APPPATH\Views\employee_list.php on line 64.
 1 APPPATH\Views\employee_list.php(64): CodeIgniter\Debug\Exceptions->errorHandler(2, 'Undefined variable $emp', 'C:\\xampp\\htdocs\\employee_project\\app\\Views\\employee_list.php', 64)
 2 SYSTEMPATH\View\View.php(224): include('C:\\xampp\\htdocs\\employee_project\\app\\Views\\employee_list.php')
 3 SYSTEMPATH\View\View.php(227): CodeIgniter\View\View->CodeIgniter\View\{closure}()
 4 SYSTEMPATH\Common.php(1173): CodeIgniter\View\View->render('employee_list', [], true)
 5 APPPATH\Controllers\Employee.php(17): view('employee_list', [...])
 6 SYSTEMPATH\CodeIgniter.php(933): App\Controllers\Employee->index()
 7 SYSTEMPATH\CodeIgniter.php(507): CodeIgniter\CodeIgniter->runController(Object(App\Controllers\Employee))
 8 SYSTEMPATH\CodeIgniter.php(354): CodeIgniter\CodeIgniter->handleRequest(null, Object(Config\Cache), false)
 9 SYSTEMPATH\Boot.php(334): CodeIgniter\CodeIgniter->run()
10 SYSTEMPATH\Boot.php(67): CodeIgniter\Boot::runCodeIgniter(Object(CodeIgniter\CodeIgniter))
11 FCPATH\index.php(59): CodeIgniter\Boot::bootWeb(Object(Config\Paths))
CRITICAL - 2025-05-23 19:58:19 --> ErrorException: Undefined array key "department"
[Method: GET, Route: employees]
in APPPATH\Views\employee_list.php on line 61.
 1 APPPATH\Views\employee_list.php(61): CodeIgniter\Debug\Exceptions->errorHandler(2, 'Undefined array key "department"', 'C:\\xampp\\htdocs\\employee_project\\app\\Views\\employee_list.php', 61)
 2 SYSTEMPATH\View\View.php(224): include('C:\\xampp\\htdocs\\employee_project\\app\\Views\\employee_list.php')
 3 SYSTEMPATH\View\View.php(227): CodeIgniter\View\View->CodeIgniter\View\{closure}()
 4 SYSTEMPATH\Common.php(1173): CodeIgniter\View\View->render('employee_list', [], true)
 5 APPPATH\Controllers\Employee.php(17): view('employee_list', [...])
 6 SYSTEMPATH\CodeIgniter.php(933): App\Controllers\Employee->index()
 7 SYSTEMPATH\CodeIgniter.php(507): CodeIgniter\CodeIgniter->runController(Object(App\Controllers\Employee))
 8 SYSTEMPATH\CodeIgniter.php(354): CodeIgniter\CodeIgniter->handleRequest(null, Object(Config\Cache), false)
 9 SYSTEMPATH\Boot.php(334): CodeIgniter\CodeIgniter->run()
10 SYSTEMPATH\Boot.php(67): CodeIgniter\Boot::runCodeIgniter(Object(CodeIgniter\CodeIgniter))
11 FCPATH\index.php(59): CodeIgniter\Boot::bootWeb(Object(Config\Paths))
